{
"contracts/Token.sol":{"l":{"43":3,"44":3,"48":1,"49":1,"50":1,"54":0,"55":0,"65":0,"66":0,"77":0,"80":0,"85":2,"86":2,"90":1,"91":1,"92":1,"93":1,"102":0,"103":0,"112":0,"113":0,"123":0,"128":0,"129":0,"130":0,"135":0,"136":0,"141":0,"142":0,"145":2,"146":2,"147":2,"148":2,"151":0,"152":0,"153":0,"154":0,"155":0,"156":0,"159":0,"160":0,"161":0},"path":"/home/dev/Documents/Training/blockchain/hardhat/hardhat-tutorial/contracts/Token.sol","s":{"1":3,"2":1,"3":1,"4":0,"5":0,"6":0,"7":2,"8":0,"9":0,"10":0,"11":0,"12":0,"13":0,"14":0,"15":0,"16":0,"17":0,"18":2,"19":2,"20":0,"21":0,"22":0,"23":0,"24":0,"25":0},"b":{"1":[3,0],"2":[1,0],"3":[1,0],"4":[0,0],"5":[0,1],"6":[1,0],"7":[0,0],"8":[0,0],"9":[2,0],"10":[1,0],"11":[1,0],"12":[0,0],"13":[0,0],"14":[0,0],"15":[0,0],"16":[0,0],"17":[0,0],"18":[0,0],"19":[0,0],"20":[0,0],"21":[0,0],"22":[0,0],"23":[2,0],"24":[2,0],"25":[0,0],"26":[0,0]},"f":{"1":3,"2":3,"3":1,"4":0,"5":0,"6":0,"7":0,"8":2,"9":1,"10":0,"11":0,"12":0,"13":0,"14":0,"15":0,"16":2,"17":0,"18":0},"fnMap":{"1":{"name":"constructor","line":38,"loc":{"start":{"line":38,"column":0},"end":{"line":40,"column":0}}},"2":{"name":"address_exist","line":42,"loc":{"start":{"line":42,"column":0},"end":{"line":45,"column":0}}},"3":{"name":"validate_addresses","line":47,"loc":{"start":{"line":47,"column":0},"end":{"line":51,"column":0}}},"4":{"name":"owner_check","line":53,"loc":{"start":{"line":53,"column":0},"end":{"line":56,"column":0}}},"5":{"name":"balance_of","line":64,"loc":{"start":{"line":64,"column":0},"end":{"line":67,"column":0}}},"6":{"name":"set_Token_url","line":76,"loc":{"start":{"line":76,"column":0},"end":{"line":78,"column":0}}},"7":{"name":"get_Token_url","line":79,"loc":{"start":{"line":79,"column":0},"end":{"line":81,"column":0}}},"8":{"name":"owner_of","line":83,"loc":{"start":{"line":83,"column":0},"end":{"line":87,"column":0}}},"9":{"name":"TransferFrom","line":89,"loc":{"start":{"line":89,"column":0},"end":{"line":94,"column":0}}},"10":{"name":"SafeTransferFrom","line":101,"loc":{"start":{"line":101,"column":0},"end":{"line":109,"column":0}}},"11":{"name":"SafeTransferFrom","line":111,"loc":{"start":{"line":111,"column":0},"end":{"line":119,"column":0}}},"12":{"name":"approve","line":121,"loc":{"start":{"line":121,"column":0},"end":{"line":124,"column":0}}},"13":{"name":"get_approved","line":126,"loc":{"start":{"line":126,"column":0},"end":{"line":131,"column":0}}},"14":{"name":"set_approval_for_all","line":133,"loc":{"start":{"line":133,"column":0},"end":{"line":137,"column":0}}},"15":{"name":"Is_approved_for_all","line":139,"loc":{"start":{"line":139,"column":0},"end":{"line":143,"column":0}}},"16":{"name":"mint_token","line":144,"loc":{"start":{"line":144,"column":0},"end":{"line":149,"column":0}}},"17":{"name":"burn_token","line":150,"loc":{"start":{"line":150,"column":0},"end":{"line":157,"column":0}}},"18":{"name":"Batch_transfer_ERC721","line":158,"loc":{"start":{"line":158,"column":0},"end":{"line":163,"column":0}}}},"statementMap":{"1":{"start":{"line":43,"column":4},"end":{"line":43,"column":51}},"2":{"start":{"line":48,"column":4},"end":{"line":48,"column":104}},"3":{"start":{"line":49,"column":4},"end":{"line":49,"column":168}},"4":{"start":{"line":54,"column":4},"end":{"line":54,"column":74}},"5":{"start":{"line":65,"column":4},"end":{"line":65,"column":69}},"6":{"start":{"line":80,"column":4},"end":{"line":80,"column":35}},"7":{"start":{"line":85,"column":4},"end":{"line":85,"column":80}},"8":{"start":{"line":102,"column":0},"end":{"line":102,"column":34}},"9":{"start":{"line":103,"column":3},"end":{"line":103,"column":3429}},"10":{"start":{"line":112,"column":0},"end":{"line":112,"column":34}},"11":{"start":{"line":113,"column":3},"end":{"line":113,"column":3804}},"12":{"start":{"line":128,"column":4},"end":{"line":128,"column":64}},"13":{"start":{"line":129,"column":4},"end":{"line":129,"column":71}},"14":{"start":{"line":130,"column":4},"end":{"line":130,"column":30}},"15":{"start":{"line":135,"column":4},"end":{"line":135,"column":89}},"16":{"start":{"line":141,"column":4},"end":{"line":141,"column":95}},"17":{"start":{"line":142,"column":4},"end":{"line":142,"column":53}},"18":{"start":{"line":145,"column":4},"end":{"line":145,"column":68}},"19":{"start":{"line":148,"column":4},"end":{"line":148,"column":45}},"20":{"start":{"line":151,"column":4},"end":{"line":151,"column":38}},"21":{"start":{"line":152,"column":4},"end":{"line":152,"column":51}},"22":{"start":{"line":156,"column":4},"end":{"line":156,"column":48}},"23":{"start":{"line":159,"column":0},"end":{"line":159,"column":77}},"24":{"start":{"line":160,"column":0},"end":{"line":160,"column":5649}},"25":{"start":{"line":161,"column":0},"end":{"line":161,"column":43}}},"branchMap":{"1":{"line":43,"type":"if","locations":[{"start":{"line":43,"column":4},"end":{"line":43,"column":4}},{"start":{"line":43,"column":4},"end":{"line":43,"column":4}}]},"2":{"line":48,"type":"if","locations":[{"start":{"line":48,"column":4},"end":{"line":48,"column":4}},{"start":{"line":48,"column":4},"end":{"line":48,"column":4}}]},"3":{"line":49,"type":"if","locations":[{"start":{"line":49,"column":4},"end":{"line":49,"column":4}},{"start":{"line":49,"column":4},"end":{"line":49,"column":4}}]},"4":{"line":49,"type":"cond-expr","locations":[{"start":{"line":49,"column":12},"end":{"line":49,"column":34}},{"start":{"line":49,"column":39},"end":{"line":49,"column":63}}]},"5":{"line":49,"type":"cond-expr","locations":[{"start":{"line":49,"column":12},"end":{"line":49,"column":63}},{"start":{"line":49,"column":68},"end":{"line":49,"column":85}}]},"6":{"line":49,"type":"cond-expr","locations":[{"start":{"line":49,"column":12},"end":{"line":49,"column":85}},{"start":{"line":49,"column":90},"end":{"line":49,"column":130}}]},"7":{"line":54,"type":"if","locations":[{"start":{"line":54,"column":4},"end":{"line":54,"column":4}},{"start":{"line":54,"column":4},"end":{"line":54,"column":4}}]},"8":{"line":65,"type":"if","locations":[{"start":{"line":65,"column":4},"end":{"line":65,"column":4}},{"start":{"line":65,"column":4},"end":{"line":65,"column":4}}]},"9":{"line":85,"type":"if","locations":[{"start":{"line":85,"column":4},"end":{"line":85,"column":4}},{"start":{"line":85,"column":4},"end":{"line":85,"column":4}}]},"10":{"line":89,"type":"if","locations":[{"start":{"line":89,"column":66},"end":{"line":89,"column":66}},{"start":{"line":89,"column":66},"end":{"line":89,"column":66}}]},"11":{"line":89,"type":"if","locations":[{"start":{"line":89,"column":85},"end":{"line":89,"column":85}},{"start":{"line":89,"column":85},"end":{"line":89,"column":85}}]},"12":{"line":103,"type":"if","locations":[{"start":{"line":103,"column":3},"end":{"line":103,"column":3}},{"start":{"line":103,"column":3},"end":{"line":103,"column":3}}]},"13":{"line":104,"type":"cond-expr","locations":[{"start":{"line":104,"column":12},"end":{"line":104,"column":31}},{"start":{"line":105,"column":16},"end":{"line":106,"column":56}}]},"14":{"line":113,"type":"if","locations":[{"start":{"line":113,"column":3},"end":{"line":113,"column":3}},{"start":{"line":113,"column":3},"end":{"line":113,"column":3}}]},"15":{"line":114,"type":"cond-expr","locations":[{"start":{"line":114,"column":12},"end":{"line":114,"column":31}},{"start":{"line":115,"column":16},"end":{"line":116,"column":56}}]},"16":{"line":121,"type":"if","locations":[{"start":{"line":121,"column":51},"end":{"line":121,"column":51}},{"start":{"line":121,"column":51},"end":{"line":121,"column":51}}]},"17":{"line":121,"type":"if","locations":[{"start":{"line":121,"column":75},"end":{"line":121,"column":75}},{"start":{"line":121,"column":75},"end":{"line":121,"column":75}}]},"18":{"line":128,"type":"if","locations":[{"start":{"line":128,"column":4},"end":{"line":128,"column":4}},{"start":{"line":128,"column":4},"end":{"line":128,"column":4}}]},"19":{"line":129,"type":"if","locations":[{"start":{"line":129,"column":4},"end":{"line":129,"column":4}},{"start":{"line":129,"column":4},"end":{"line":129,"column":4}}]},"20":{"line":133,"type":"if","locations":[{"start":{"line":133,"column":65},"end":{"line":133,"column":65}},{"start":{"line":133,"column":65},"end":{"line":133,"column":65}}]},"21":{"line":135,"type":"if","locations":[{"start":{"line":135,"column":4},"end":{"line":135,"column":4}},{"start":{"line":135,"column":4},"end":{"line":135,"column":4}}]},"22":{"line":141,"type":"if","locations":[{"start":{"line":141,"column":4},"end":{"line":141,"column":4}},{"start":{"line":141,"column":4},"end":{"line":141,"column":4}}]},"23":{"line":144,"type":"if","locations":[{"start":{"line":144,"column":49},"end":{"line":144,"column":49}},{"start":{"line":144,"column":49},"end":{"line":144,"column":49}}]},"24":{"line":145,"type":"if","locations":[{"start":{"line":145,"column":4},"end":{"line":145,"column":4}},{"start":{"line":145,"column":4},"end":{"line":145,"column":4}}]},"25":{"line":152,"type":"if","locations":[{"start":{"line":152,"column":4},"end":{"line":152,"column":4}},{"start":{"line":152,"column":4},"end":{"line":152,"column":4}}]},"26":{"line":159,"type":"if","locations":[{"start":{"line":159,"column":0},"end":{"line":159,"column":0}},{"start":{"line":159,"column":0},"end":{"line":159,"column":0}}]}}}}
