TN:
SF:/home/dev/Documents/Training/blockchain/hardhat/hardhat-tutorial/contracts/Token.sol
FN:38,constructor
FN:42,address_exist
FN:47,validate_addresses
FN:53,owner_check
FN:64,balance_of
FN:76,set_Token_url
FN:79,get_Token_url
FN:83,owner_of
FN:89,TransferFrom
FN:101,SafeTransferFrom
FN:111,SafeTransferFrom
FN:121,approve
FN:126,get_approved
FN:133,set_approval_for_all
FN:139,Is_approved_for_all
FN:144,mint_token
FN:150,burn_token
FN:158,Batch_transfer_ERC721
FNF:18
FNH:6
FNDA:3,constructor
FNDA:3,address_exist
FNDA:1,validate_addresses
FNDA:0,owner_check
FNDA:0,balance_of
FNDA:0,set_Token_url
FNDA:0,get_Token_url
FNDA:2,owner_of
FNDA:1,TransferFrom
FNDA:0,SafeTransferFrom
FNDA:0,SafeTransferFrom
FNDA:0,approve
FNDA:0,get_approved
FNDA:0,set_approval_for_all
FNDA:0,Is_approved_for_all
FNDA:2,mint_token
FNDA:0,burn_token
FNDA:0,Batch_transfer_ERC721
DA:43,3
DA:44,3
DA:48,1
DA:49,1
DA:50,1
DA:54,0
DA:55,0
DA:65,0
DA:66,0
DA:77,0
DA:80,0
DA:85,2
DA:86,2
DA:90,1
DA:91,1
DA:92,1
DA:93,1
DA:102,0
DA:103,0
DA:112,0
DA:113,0
DA:123,0
DA:128,0
DA:129,0
DA:130,0
DA:135,0
DA:136,0
DA:141,0
DA:142,0
DA:145,2
DA:146,2
DA:147,2
DA:148,2
DA:151,0
DA:152,0
DA:153,0
DA:154,0
DA:155,0
DA:156,0
DA:159,0
DA:160,0
DA:161,0
LF:42
LH:15
BRDA:43,1,0,3
BRDA:43,1,1,0
BRDA:48,2,0,1
BRDA:48,2,1,0
BRDA:49,3,0,1
BRDA:49,3,1,0
BRDA:49,4,0,0
BRDA:49,4,1,0
BRDA:49,5,0,0
BRDA:49,5,1,1
BRDA:49,6,0,1
BRDA:49,6,1,0
BRDA:54,7,0,0
BRDA:54,7,1,0
BRDA:65,8,0,0
BRDA:65,8,1,0
BRDA:85,9,0,2
BRDA:85,9,1,0
BRDA:89,10,0,1
BRDA:89,10,1,0
BRDA:89,11,0,1
BRDA:89,11,1,0
BRDA:103,12,0,0
BRDA:103,12,1,0
BRDA:104,13,0,0
BRDA:104,13,1,0
BRDA:113,14,0,0
BRDA:113,14,1,0
BRDA:114,15,0,0
BRDA:114,15,1,0
BRDA:121,16,0,0
BRDA:121,16,1,0
BRDA:121,17,0,0
BRDA:121,17,1,0
BRDA:128,18,0,0
BRDA:128,18,1,0
BRDA:129,19,0,0
BRDA:129,19,1,0
BRDA:133,20,0,0
BRDA:133,20,1,0
BRDA:135,21,0,0
BRDA:135,21,1,0
BRDA:141,22,0,0
BRDA:141,22,1,0
BRDA:144,23,0,2
BRDA:144,23,1,0
BRDA:145,24,0,2
BRDA:145,24,1,0
BRDA:152,25,0,0
BRDA:152,25,1,0
BRDA:159,26,0,0
BRDA:159,26,1,0
BRF:52
BRH:10
end_of_record
